0 info it worked if it ends with ok
1 verbose cli [ '/home/vagrant/.nvm/versions/node/v5.10.1/bin/node',
1 verbose cli   '/home/vagrant/.nvm/versions/node/v5.10.1/bin/npm',
1 verbose cli   'run',
1 verbose cli   'watch' ]
2 info using npm@3.8.3
3 info using node@v5.10.1
4 verbose run-script [ 'prewatch', 'watch', 'postwatch' ]
5 info lifecycle hradix_store@~prewatch: hradix_store@
6 silly lifecycle hradix_store@~prewatch: no script for prewatch, continuing
7 info lifecycle hradix_store@~watch: hradix_store@
8 verbose lifecycle hradix_store@~watch: unsafe-perm in lifecycle true
9 verbose lifecycle hradix_store@~watch: PATH: /home/vagrant/.nvm/versions/node/v5.10.1/lib/node_modules/npm/bin/node-gyp-bin:/home/vagrant/projects/radix/web/themes/custom/hradix_store/node_modules/.bin:/home/vagrant/.nvm/versions/node/v5.10.1/bin:/home/vagrant/.composer/vendor/bin:/home/vagrant/.nvm/versions/node/v5.10.1/bin:/usr/local/sbin:/usr/local/bin:/usr/sbin:/usr/bin:/sbin:/bin:/usr/games:/usr/local/games:/snap/bin
10 verbose lifecycle hradix_store@~watch: CWD: /home/vagrant/projects/radix/web/themes/custom/hradix_store
11 silly lifecycle hradix_store@~watch: Args: [ '-c',
11 silly lifecycle   'cross-env NODE_ENV=development node_modules/webpack/bin/webpack.js --watch --progress --hide-modules --config=node_modules/laravel-mix/setup/webpack.config.js --open=false' ]
12 silly lifecycle hradix_store@~watch: Returned: code: 1  signal: null
13 info lifecycle hradix_store@~watch: Failed to exec watch script
14 verbose stack Error: hradix_store@ watch: `cross-env NODE_ENV=development node_modules/webpack/bin/webpack.js --watch --progress --hide-modules --config=node_modules/laravel-mix/setup/webpack.config.js --open=false`
14 verbose stack Exit status 1
14 verbose stack     at EventEmitter.<anonymous> (/home/vagrant/.nvm/versions/node/v5.10.1/lib/node_modules/npm/lib/utils/lifecycle.js:239:16)
14 verbose stack     at emitTwo (events.js:100:13)
14 verbose stack     at EventEmitter.emit (events.js:185:7)
14 verbose stack     at ChildProcess.<anonymous> (/home/vagrant/.nvm/versions/node/v5.10.1/lib/node_modules/npm/lib/utils/spawn.js:24:14)
14 verbose stack     at emitTwo (events.js:100:13)
14 verbose stack     at ChildProcess.emit (events.js:185:7)
14 verbose stack     at maybeClose (internal/child_process.js:850:16)
14 verbose stack     at Process.ChildProcess._handle.onexit (internal/child_process.js:215:5)
15 verbose pkgid hradix_store@
16 verbose cwd /home/vagrant/projects/radix/web/themes/custom/hradix_store
17 error Linux 4.15.0-47-generic
18 error argv "/home/vagrant/.nvm/versions/node/v5.10.1/bin/node" "/home/vagrant/.nvm/versions/node/v5.10.1/bin/npm" "run" "watch"
19 error node v5.10.1
20 error npm  v3.8.3
21 error code ELIFECYCLE
22 error hradix_store@ watch: `cross-env NODE_ENV=development node_modules/webpack/bin/webpack.js --watch --progress --hide-modules --config=node_modules/laravel-mix/setup/webpack.config.js --open=false`
22 error Exit status 1
23 error Failed at the hradix_store@ watch script 'cross-env NODE_ENV=development node_modules/webpack/bin/webpack.js --watch --progress --hide-modules --config=node_modules/laravel-mix/setup/webpack.config.js --open=false'.
23 error Make sure you have the latest version of node.js and npm installed.
23 error If you do, this is most likely a problem with the hradix_store package,
23 error not with npm itself.
23 error Tell the author that this fails on your system:
23 error     cross-env NODE_ENV=development node_modules/webpack/bin/webpack.js --watch --progress --hide-modules --config=node_modules/laravel-mix/setup/webpack.config.js --open=false
23 error You can get information on how to open an issue for this project with:
23 error     npm bugs hradix_store
23 error Or if that isn't available, you can get their info via:
23 error     npm owner ls hradix_store
23 error There is likely additional logging output above.
24 verbose exit [ 1, true ]
